<?xml version="1.0" encoding="UTF-8"?>
<testsuite xmlns:xsi="http://www.w3.org/2001/XMLSchema-instance" xsi:noNamespaceSchemaLocation="https://maven.apache.org/surefire/maven-surefire-plugin/xsd/surefire-test-report-3.0.xsd" version="3.0" name="no.hvl.dat110.unit.tests.TestKeys" time="26.489" tests="1" errors="0" skipped="0" failures="1">
  <properties>
[...]
</properties>
  <testcase name="test" classname="no.hvl.dat110.unit.tests.TestKeys" time="0.018">
    <failure message="array lengths differ, expected: &lt;0&gt; but was: &lt;2&gt;" type="org.opentest4j.AssertionFailedError"><![CDATA[org.opentest4j.AssertionFailedError: array lengths differ, expected: <0> but was: <2>
	at org.junit.jupiter.api.AssertionFailureBuilder.build(AssertionFailureBuilder.java:151)
	at org.junit.jupiter.api.AssertionFailureBuilder.buildAndThrow(AssertionFailureBuilder.java:132)
	at org.junit.jupiter.api.AssertArrayEquals.assertArraysHaveSameLength(AssertArrayEquals.java:428)
	at org.junit.jupiter.api.AssertArrayEquals.assertArrayEquals(AssertArrayEquals.java:335)
	at org.junit.jupiter.api.AssertArrayEquals.assertArrayEquals(AssertArrayEquals.java:159)
	at org.junit.jupiter.api.AssertArrayEquals.assertArrayEquals(AssertArrayEquals.java:155)
	at org.junit.jupiter.api.Assertions.assertArrayEquals(Assertions.java:1453)
	at no.hvl.dat110.unit.tests.TestKeys.lambda$test$0(TestKeys.java:111)
	at java.base/java.util.ArrayList.forEach(ArrayList.java:1612)
	at no.hvl.dat110.unit.tests.TestKeys.test(TestKeys.java:103)
	at java.base/jdk.internal.reflect.DirectMethodHandleAccessor.invoke(DirectMethodHandleAccessor.java:104)
	at java.base/java.lang.reflect.Method.invoke(Method.java:565)
	at org.junit.platform.commons.util.ReflectionUtils.invokeMethod(ReflectionUtils.java:727)
	at org.junit.jupiter.engine.execution.MethodInvocation.proceed(MethodInvocation.java:60)
	at org.junit.jupiter.engine.execution.InvocationInterceptorChain$ValidatingInvocation.proceed(InvocationInterceptorChain.java:131)
	at org.junit.jupiter.engine.extension.TimeoutExtension.intercept(TimeoutExtension.java:156)
	at org.junit.jupiter.engine.extension.TimeoutExtension.interceptTestableMethod(TimeoutExtension.java:147)
	at org.junit.jupiter.engine.extension.TimeoutExtension.interceptTestMethod(TimeoutExtension.java:86)
	at org.junit.jupiter.engine.execution.InterceptingExecutableInvoker$ReflectiveInterceptorCall.lambda$ofVoidMethod$0(InterceptingExecutableInvoker.java:103)
	at org.junit.jupiter.engine.execution.InterceptingExecutableInvoker.lambda$invoke$0(InterceptingExecutableInvoker.java:93)
	at org.junit.jupiter.engine.execution.InvocationInterceptorChain$InterceptedInvocation.proceed(InvocationInterceptorChain.java:106)
	at org.junit.jupiter.engine.execution.InvocationInterceptorChain.proceed(InvocationInterceptorChain.java:64)
	at org.junit.jupiter.engine.execution.InvocationInterceptorChain.chainAndInvoke(InvocationInterceptorChain.java:45)
	at org.junit.jupiter.engine.execution.InvocationInterceptorChain.invoke(InvocationInterceptorChain.java:37)
	at org.junit.jupiter.engine.execution.InterceptingExecutableInvoker.invoke(InterceptingExecutableInvoker.java:92)
	at org.junit.jupiter.engine.execution.InterceptingExecutableInvoker.invoke(InterceptingExecutableInvoker.java:86)
	at org.junit.jupiter.engine.descriptor.TestMethodTestDescriptor.lambda$invokeTestMethod$7(TestMethodTestDescriptor.java:217)
	at org.junit.platform.engine.support.hierarchical.ThrowableCollector.execute(ThrowableCollector.java:73)
	at org.junit.jupiter.engine.descriptor.TestMethodTestDescriptor.invokeTestMethod(TestMethodTestDescriptor.java:213)
	at org.junit.jupiter.engine.descriptor.TestMethodTestDescriptor.execute(TestMethodTestDescriptor.java:138)
	at org.junit.jupiter.engine.descriptor.TestMethodTestDescriptor.execute(TestMethodTestDescriptor.java:68)
	at org.junit.platform.engine.support.hierarchical.NodeTestTask.lambda$executeRecursively$6(NodeTestTask.java:151)
	at org.junit.platform.engine.support.hierarchical.ThrowableCollector.execute(ThrowableCollector.java:73)
	at org.junit.platform.engine.support.hierarchical.NodeTestTask.lambda$executeRecursively$8(NodeTestTask.java:141)
	at org.junit.platform.engine.support.hierarchical.Node.around(Node.java:137)
	at org.junit.platform.engine.support.hierarchical.NodeTestTask.lambda$executeRecursively$9(NodeTestTask.java:139)
	at org.junit.platform.engine.support.hierarchical.ThrowableCollector.execute(ThrowableCollector.java:73)
	at org.junit.platform.engine.support.hierarchical.NodeTestTask.executeRecursively(NodeTestTask.java:138)
	at org.junit.platform.engine.support.hierarchical.NodeTestTask.execute(NodeTestTask.java:95)
	at java.base/java.util.ArrayList.forEach(ArrayList.java:1612)
	at org.junit.platform.engine.support.hierarchical.SameThreadHierarchicalTestExecutorService.invokeAll(SameThreadHierarchicalTestExecutorService.java:41)
	at org.junit.platform.engine.support.hierarchical.NodeTestTask.lambda$executeRecursively$6(NodeTestTask.java:155)
	at org.junit.platform.engine.support.hierarchical.ThrowableCollector.execute(ThrowableCollector.java:73)
	at org.junit.platform.engine.support.hierarchical.NodeTestTask.lambda$executeRecursively$8(NodeTestTask.java:141)
	at org.junit.platform.engine.support.hierarchical.Node.around(Node.java:137)
	at org.junit.platform.engine.support.hierarchical.NodeTestTask.lambda$executeRecursively$9(NodeTestTask.java:139)
	at org.junit.platform.engine.support.hierarchical.ThrowableCollector.execute(ThrowableCollector.java:73)
	at org.junit.platform.engine.support.hierarchical.NodeTestTask.executeRecursively(NodeTestTask.java:138)
	at org.junit.platform.engine.support.hierarchical.NodeTestTask.execute(NodeTestTask.java:95)
	at java.base/java.util.ArrayList.forEach(ArrayList.java:1612)
	at org.junit.platform.engine.support.hierarchical.SameThreadHierarchicalTestExecutorService.invokeAll(SameThreadHierarchicalTestExecutorService.java:41)
	at org.junit.platform.engine.support.hierarchical.NodeTestTask.lambda$executeRecursively$6(NodeTestTask.java:155)
	at org.junit.platform.engine.support.hierarchical.ThrowableCollector.execute(ThrowableCollector.java:73)
	at org.junit.platform.engine.support.hierarchical.NodeTestTask.lambda$executeRecursively$8(NodeTestTask.java:141)
	at org.junit.platform.engine.support.hierarchical.Node.around(Node.java:137)
	at org.junit.platform.engine.support.hierarchical.NodeTestTask.lambda$executeRecursively$9(NodeTestTask.java:139)
	at org.junit.platform.engine.support.hierarchical.ThrowableCollector.execute(ThrowableCollector.java:73)
	at org.junit.platform.engine.support.hierarchical.NodeTestTask.executeRecursively(NodeTestTask.java:138)
	at org.junit.platform.engine.support.hierarchical.NodeTestTask.execute(NodeTestTask.java:95)
	at org.junit.platform.engine.support.hierarchical.SameThreadHierarchicalTestExecutorService.submit(SameThreadHierarchicalTestExecutorService.java:35)
	at org.junit.platform.engine.support.hierarchical.HierarchicalTestExecutor.execute(HierarchicalTestExecutor.java:57)
	at org.junit.platform.engine.support.hierarchical.HierarchicalTestEngine.execute(HierarchicalTestEngine.java:54)
	at org.junit.platform.launcher.core.EngineExecutionOrchestrator.execute(EngineExecutionOrchestrator.java:147)
	at org.junit.platform.launcher.core.EngineExecutionOrchestrator.execute(EngineExecutionOrchestrator.java:127)
	at org.junit.platform.launcher.core.EngineExecutionOrchestrator.execute(EngineExecutionOrchestrator.java:90)
	at org.junit.platform.launcher.core.EngineExecutionOrchestrator.lambda$execute$0(EngineExecutionOrchestrator.java:55)
	at org.junit.platform.launcher.core.EngineExecutionOrchestrator.withInterceptedStreams(EngineExecutionOrchestrator.java:102)
	at org.junit.platform.launcher.core.EngineExecutionOrchestrator.execute(EngineExecutionOrchestrator.java:54)
	at org.junit.platform.launcher.core.DefaultLauncher.execute(DefaultLauncher.java:114)
	at org.junit.platform.launcher.core.DefaultLauncher.execute(DefaultLauncher.java:86)
	at org.junit.platform.launcher.core.DefaultLauncherSession$DelegatingLauncher.execute(DefaultLauncherSession.java:86)
	at org.apache.maven.surefire.junitplatform.LazyLauncher.execute(LazyLauncher.java:55)
	at org.apache.maven.surefire.junitplatform.JUnitPlatformProvider.execute(JUnitPlatformProvider.java:223)
	at org.apache.maven.surefire.junitplatform.JUnitPlatformProvider.invokeAllTests(JUnitPlatformProvider.java:175)
	at org.apache.maven.surefire.junitplatform.JUnitPlatformProvider.invoke(JUnitPlatformProvider.java:139)
	at org.apache.maven.surefire.booter.ForkedBooter.runSuitesInProcess(ForkedBooter.java:456)
	at org.apache.maven.surefire.booter.ForkedBooter.execute(ForkedBooter.java:169)
	at org.apache.maven.surefire.booter.ForkedBooter.run(ForkedBooter.java:595)
	at org.apache.maven.surefire.booter.ForkedBooter.main(ForkedBooter.java:581)
]]></failure>
    <system-out><![CDATA[2026-04-07 10:22:48 INFO  NodeServer:50 - process1 server is running... 
process1:9091
2026-04-07 10:22:48 INFO  ChordProtocols:107 - New ring created. Node = process1 | Successor = process1 | Predecessor = null
2026-04-07 10:22:50 INFO  NodeServer:50 - process2 server is running... 
process1:9091
2026-04-07 10:22:50 INFO  ChordProtocols:67 - JoinRing-randomNode = process1
2026-04-07 10:22:50 INFO  ChordProtocols:157 - Fixing the FingerTable for the Node: process2
2026-04-07 10:22:50 INFO  ChordProtocols:178 - FingerTable fixed for process2 | entries=128
2026-04-07 10:22:50 INFO  ChordLookup:110 - copy file keys that are <= process2 from successor process1 to process2
2026-04-07 10:22:50 INFO  ChordLookup:127 - Finished copying file keys from successor process1 to process2
2026-04-07 10:22:50 INFO  ChordProtocols:85 - process2 is between null | process1
2026-04-07 10:22:52 INFO  NodeServer:50 - process3 server is running... 
process1:9091
2026-04-07 10:22:52 INFO  ChordProtocols:67 - JoinRing-randomNode = process1
2026-04-07 10:22:52 INFO  ChordProtocols:157 - Fixing the FingerTable for the Node: process3
2026-04-07 10:22:53 INFO  ChordProtocols:178 - FingerTable fixed for process3 | entries=128
2026-04-07 10:22:53 INFO  ChordLookup:110 - copy file keys that are <= process3 from successor process1 to process3
2026-04-07 10:22:53 INFO  ChordLookup:127 - Finished copying file keys from successor process1 to process3
2026-04-07 10:22:53 INFO  ChordProtocols:85 - process3 is between null | process1
2026-04-07 10:22:53 INFO  StabilizationProtocols:130 - Updating the successor for Node: process1
2026-04-07 10:22:53 INFO  StabilizationProtocols:165 - Finished updating the successor for Node: process1
2026-04-07 10:22:53 INFO  StabilizationProtocols:84 - Stabilizing ring from process1...
2026-04-07 10:22:53 INFO  StabilizationProtocols:91 - Stabilize ring: succnode = process1
2026-04-07 10:22:53 INFO  StabilizationProtocols:113 - Finished stabilizing chordring from process1
2026-04-07 10:22:53 INFO  ChordProtocols:157 - Fixing the FingerTable for the Node: process1
2026-04-07 10:22:53 INFO  ChordProtocols:178 - FingerTable fixed for process1 | entries=128
2026-04-07 10:22:53 INFO  StabilizationProtocols:60 - Checking the predecessor for Node: process1
==================================
Node Identifier = 53937554629190552131995290006614509577
Node IP address = process1
successor(process1) = process1
predecessor(process1) = process2
Current File keys for process1 => []
==================================
2026-04-07 10:22:55 INFO  NodeServer:50 - process4 server is running... 
process1:9091
2026-04-07 10:22:55 INFO  ChordProtocols:67 - JoinRing-randomNode = process1
2026-04-07 10:22:55 INFO  ChordProtocols:157 - Fixing the FingerTable for the Node: process4
2026-04-07 10:22:55 INFO  ChordProtocols:178 - FingerTable fixed for process4 | entries=128
2026-04-07 10:22:55 INFO  ChordLookup:110 - copy file keys that are <= process4 from successor process1 to process4
2026-04-07 10:22:55 INFO  ChordLookup:127 - Finished copying file keys from successor process1 to process4
2026-04-07 10:22:55 INFO  ChordProtocols:85 - process4 is between null | process1
2026-04-07 10:22:55 INFO  StabilizationProtocols:130 - Updating the successor for Node: process1
2026-04-07 10:22:55 INFO  StabilizationProtocols:165 - Finished updating the successor for Node: process1
2026-04-07 10:22:55 INFO  StabilizationProtocols:84 - Stabilizing ring from process1...
2026-04-07 10:22:55 INFO  StabilizationProtocols:91 - Stabilize ring: succnode = process2
2026-04-07 10:22:55 INFO  StabilizationProtocols:113 - Finished stabilizing chordring from process1
2026-04-07 10:22:55 INFO  ChordProtocols:157 - Fixing the FingerTable for the Node: process1
2026-04-07 10:22:55 INFO  ChordProtocols:178 - FingerTable fixed for process1 | entries=128
2026-04-07 10:22:55 INFO  StabilizationProtocols:60 - Checking the predecessor for Node: process1
==================================
Node Identifier = 53937554629190552131995290006614509577
Node IP address = process1
successor(process1) = process2
predecessor(process1) = process2
Current File keys for process1 => []
==================================
2026-04-07 10:22:55 INFO  StabilizationProtocols:130 - Updating the successor for Node: process2
2026-04-07 10:22:55 INFO  StabilizationProtocols:84 - Stabilizing ring from process2...
2026-04-07 10:22:55 INFO  StabilizationProtocols:91 - Stabilize ring: succnode = process1
2026-04-07 10:22:55 INFO  StabilizationProtocols:113 - Finished stabilizing chordring from process2
2026-04-07 10:22:55 INFO  ChordProtocols:157 - Fixing the FingerTable for the Node: process2
2026-04-07 10:22:55 INFO  ChordProtocols:178 - FingerTable fixed for process2 | entries=128
2026-04-07 10:22:55 INFO  StabilizationProtocols:60 - Checking the predecessor for Node: process2
==================================
Node Identifier = 15618062003214643351512781541041391612
Node IP address = process2
successor(process2) = process1
predecessor(process2) = process2
Current File keys for process2 => []
==================================
2026-04-07 10:22:57 INFO  NodeServer:50 - process5 server is running... 
process1:9091
2026-04-07 10:22:57 INFO  ChordProtocols:67 - JoinRing-randomNode = process1
2026-04-07 10:22:57 INFO  ChordProtocols:157 - Fixing the FingerTable for the Node: process5
2026-04-07 10:22:57 INFO  ChordProtocols:178 - FingerTable fixed for process5 | entries=128
2026-04-07 10:22:57 INFO  ChordLookup:110 - copy file keys that are <= process5 from successor process2 to process5
2026-04-07 10:22:57 INFO  ChordLookup:127 - Finished copying file keys from successor process2 to process5
2026-04-07 10:22:57 INFO  ChordProtocols:85 - process5 is between null | process2
2026-04-07 10:22:57 INFO  StabilizationProtocols:130 - Updating the successor for Node: process1
2026-04-07 10:22:57 INFO  StabilizationProtocols:165 - Finished updating the successor for Node: process1
2026-04-07 10:22:57 INFO  StabilizationProtocols:84 - Stabilizing ring from process1...
2026-04-07 10:22:57 INFO  StabilizationProtocols:91 - Stabilize ring: succnode = process5
2026-04-07 10:22:57 INFO  StabilizationProtocols:113 - Finished stabilizing chordring from process1
2026-04-07 10:22:57 INFO  ChordProtocols:157 - Fixing the FingerTable for the Node: process1
2026-04-07 10:22:57 INFO  ChordProtocols:178 - FingerTable fixed for process1 | entries=128
2026-04-07 10:22:57 INFO  StabilizationProtocols:60 - Checking the predecessor for Node: process1
==================================
Node Identifier = 53937554629190552131995290006614509577
Node IP address = process1
successor(process1) = process5
predecessor(process1) = process2
Current File keys for process1 => []
==================================
2026-04-07 10:22:57 INFO  StabilizationProtocols:130 - Updating the successor for Node: process2
2026-04-07 10:22:57 INFO  StabilizationProtocols:84 - Stabilizing ring from process2...
2026-04-07 10:22:57 INFO  StabilizationProtocols:91 - Stabilize ring: succnode = process1
2026-04-07 10:22:57 INFO  StabilizationProtocols:113 - Finished stabilizing chordring from process2
2026-04-07 10:22:57 INFO  ChordProtocols:157 - Fixing the FingerTable for the Node: process2
2026-04-07 10:22:57 INFO  ChordProtocols:178 - FingerTable fixed for process2 | entries=128
2026-04-07 10:22:57 INFO  StabilizationProtocols:60 - Checking the predecessor for Node: process2
==================================
Node Identifier = 15618062003214643351512781541041391612
Node IP address = process2
successor(process2) = process1
predecessor(process2) = process5
Current File keys for process2 => []
==================================
2026-04-07 10:22:58 INFO  StabilizationProtocols:130 - Updating the successor for Node: process3
2026-04-07 10:22:58 INFO  StabilizationProtocols:165 - Finished updating the successor for Node: process3
2026-04-07 10:22:58 INFO  StabilizationProtocols:84 - Stabilizing ring from process3...
2026-04-07 10:22:58 INFO  StabilizationProtocols:91 - Stabilize ring: succnode = process2
2026-04-07 10:22:58 INFO  ChordLookup:110 - copy file keys that are <= process3 from successor process2 to process3
2026-04-07 10:22:58 INFO  ChordLookup:127 - Finished copying file keys from successor process2 to process3
2026-04-07 10:22:58 INFO  StabilizationProtocols:113 - Finished stabilizing chordring from process3
2026-04-07 10:22:58 INFO  ChordProtocols:157 - Fixing the FingerTable for the Node: process3
2026-04-07 10:22:58 INFO  ChordProtocols:178 - FingerTable fixed for process3 | entries=128
2026-04-07 10:22:58 INFO  StabilizationProtocols:60 - Checking the predecessor for Node: process3
==================================
Node Identifier = 66910184482037901621933403444034052414
Node IP address = process3
successor(process3) = process5
predecessor(process3) = process3
Current File keys for process3 => []
==================================
2026-04-07 10:22:59 INFO  StabilizationProtocols:130 - Updating the successor for Node: process1
2026-04-07 10:22:59 INFO  StabilizationProtocols:165 - Finished updating the successor for Node: process1
2026-04-07 10:22:59 INFO  StabilizationProtocols:84 - Stabilizing ring from process1...
2026-04-07 10:22:59 INFO  StabilizationProtocols:91 - Stabilize ring: succnode = process3
2026-04-07 10:22:59 INFO  StabilizationProtocols:113 - Finished stabilizing chordring from process1
2026-04-07 10:22:59 INFO  ChordProtocols:157 - Fixing the FingerTable for the Node: process1
2026-04-07 10:22:59 INFO  ChordProtocols:178 - FingerTable fixed for process1 | entries=128
2026-04-07 10:22:59 INFO  StabilizationProtocols:60 - Checking the predecessor for Node: process1
==================================
Node Identifier = 53937554629190552131995290006614509577
Node IP address = process1
successor(process1) = process3
predecessor(process1) = process2
Current File keys for process1 => []
==================================
2026-04-07 10:22:59 INFO  StabilizationProtocols:130 - Updating the successor for Node: process2
2026-04-07 10:22:59 INFO  StabilizationProtocols:84 - Stabilizing ring from process2...
2026-04-07 10:22:59 INFO  StabilizationProtocols:91 - Stabilize ring: succnode = process1
2026-04-07 10:22:59 INFO  StabilizationProtocols:113 - Finished stabilizing chordring from process2
2026-04-07 10:22:59 INFO  ChordProtocols:157 - Fixing the FingerTable for the Node: process2
2026-04-07 10:22:59 INFO  ChordProtocols:178 - FingerTable fixed for process2 | entries=128
2026-04-07 10:23:00 INFO  StabilizationProtocols:60 - Checking the predecessor for Node: process2
==================================
Node Identifier = 15618062003214643351512781541041391612
Node IP address = process2
successor(process2) = process1
predecessor(process2) = process5
Current File keys for process2 => []
==================================
2026-04-07 10:23:00 INFO  StabilizationProtocols:130 - Updating the successor for Node: process3
2026-04-07 10:23:00 INFO  StabilizationProtocols:84 - Stabilizing ring from process3...
2026-04-07 10:23:00 INFO  StabilizationProtocols:91 - Stabilize ring: succnode = process5
2026-04-07 10:23:00 INFO  StabilizationProtocols:113 - Finished stabilizing chordring from process3
2026-04-07 10:23:00 INFO  ChordProtocols:157 - Fixing the FingerTable for the Node: process3
2026-04-07 10:23:00 INFO  ChordProtocols:178 - FingerTable fixed for process3 | entries=128
2026-04-07 10:23:00 INFO  StabilizationProtocols:60 - Checking the predecessor for Node: process3
==================================
Node Identifier = 66910184482037901621933403444034052414
Node IP address = process3
successor(process3) = process5
predecessor(process3) = process3
Current File keys for process3 => []
==================================
2026-04-07 10:23:00 INFO  StabilizationProtocols:130 - Updating the successor for Node: process4
2026-04-07 10:23:00 INFO  StabilizationProtocols:165 - Finished updating the successor for Node: process4
2026-04-07 10:23:00 INFO  StabilizationProtocols:84 - Stabilizing ring from process4...
2026-04-07 10:23:00 INFO  StabilizationProtocols:91 - Stabilize ring: succnode = process2
2026-04-07 10:23:00 INFO  StabilizationProtocols:113 - Finished stabilizing chordring from process4
2026-04-07 10:23:00 INFO  ChordProtocols:157 - Fixing the FingerTable for the Node: process4
2026-04-07 10:23:00 INFO  ChordProtocols:178 - FingerTable fixed for process4 | entries=128
2026-04-07 10:23:00 INFO  StabilizationProtocols:60 - Checking the predecessor for Node: process4
==================================
Node Identifier = 210821560651360572675896360671414673172
Node IP address = process4
successor(process4) = process2
predecessor(process4) = process4
Current File keys for process4 => []
==================================
2026-04-07 10:23:01 INFO  StabilizationProtocols:130 - Updating the successor for Node: process1
2026-04-07 10:23:01 INFO  StabilizationProtocols:165 - Finished updating the successor for Node: process1
2026-04-07 10:23:01 INFO  StabilizationProtocols:84 - Stabilizing ring from process1...
2026-04-07 10:23:01 INFO  StabilizationProtocols:91 - Stabilize ring: succnode = process3
2026-04-07 10:23:01 INFO  StabilizationProtocols:113 - Finished stabilizing chordring from process1
2026-04-07 10:23:01 INFO  ChordProtocols:157 - Fixing the FingerTable for the Node: process1
2026-04-07 10:23:01 INFO  ChordProtocols:178 - FingerTable fixed for process1 | entries=128
2026-04-07 10:23:01 INFO  StabilizationProtocols:60 - Checking the predecessor for Node: process1
==================================
Node Identifier = 53937554629190552131995290006614509577
Node IP address = process1
successor(process1) = process3
predecessor(process1) = process2
Current File keys for process1 => []
==================================
2026-04-07 10:23:01 INFO  StabilizationProtocols:130 - Updating the successor for Node: process2
2026-04-07 10:23:01 INFO  StabilizationProtocols:84 - Stabilizing ring from process2...
2026-04-07 10:23:01 INFO  StabilizationProtocols:91 - Stabilize ring: succnode = process1
2026-04-07 10:23:01 INFO  StabilizationProtocols:113 - Finished stabilizing chordring from process2
2026-04-07 10:23:01 INFO  ChordProtocols:157 - Fixing the FingerTable for the Node: process2
2026-04-07 10:23:01 INFO  ChordProtocols:178 - FingerTable fixed for process2 | entries=128
2026-04-07 10:23:01 INFO  StabilizationProtocols:60 - Checking the predecessor for Node: process2
==================================
Node Identifier = 15618062003214643351512781541041391612
Node IP address = process2
successor(process2) = process1
predecessor(process2) = process5
Current File keys for process2 => []
==================================
2026-04-07 10:23:02 INFO  StabilizationProtocols:130 - Updating the successor for Node: process3
2026-04-07 10:23:02 INFO  StabilizationProtocols:84 - Stabilizing ring from process3...
2026-04-07 10:23:02 INFO  StabilizationProtocols:91 - Stabilize ring: succnode = process5
2026-04-07 10:23:02 INFO  StabilizationProtocols:113 - Finished stabilizing chordring from process3
2026-04-07 10:23:02 INFO  ChordProtocols:157 - Fixing the FingerTable for the Node: process3
2026-04-07 10:23:02 INFO  ChordProtocols:178 - FingerTable fixed for process3 | entries=128
2026-04-07 10:23:02 INFO  StabilizationProtocols:60 - Checking the predecessor for Node: process3
==================================
Node Identifier = 66910184482037901621933403444034052414
Node IP address = process3
successor(process3) = process5
predecessor(process3) = process1
Current File keys for process3 => []
==================================
2026-04-07 10:23:02 INFO  StabilizationProtocols:130 - Updating the successor for Node: process4
2026-04-07 10:23:02 INFO  StabilizationProtocols:165 - Finished updating the successor for Node: process4
2026-04-07 10:23:02 INFO  StabilizationProtocols:84 - Stabilizing ring from process4...
2026-04-07 10:23:02 INFO  StabilizationProtocols:91 - Stabilize ring: succnode = process5
2026-04-07 10:23:02 INFO  ChordLookup:110 - copy file keys that are <= process4 from successor process5 to process4
2026-04-07 10:23:02 INFO  ChordLookup:127 - Finished copying file keys from successor process5 to process4
2026-04-07 10:23:02 INFO  StabilizationProtocols:113 - Finished stabilizing chordring from process4
2026-04-07 10:23:02 INFO  ChordProtocols:157 - Fixing the FingerTable for the Node: process4
2026-04-07 10:23:02 INFO  ChordProtocols:178 - FingerTable fixed for process4 | entries=128
2026-04-07 10:23:02 INFO  StabilizationProtocols:60 - Checking the predecessor for Node: process4
==================================
Node Identifier = 210821560651360572675896360671414673172
Node IP address = process4
successor(process4) = process3
predecessor(process4) = process4
Current File keys for process4 => []
==================================
2026-04-07 10:23:02 INFO  StabilizationProtocols:130 - Updating the successor for Node: process5
2026-04-07 10:23:02 INFO  StabilizationProtocols:84 - Stabilizing ring from process5...
2026-04-07 10:23:02 INFO  StabilizationProtocols:91 - Stabilize ring: succnode = process2
2026-04-07 10:23:02 INFO  StabilizationProtocols:113 - Finished stabilizing chordring from process5
2026-04-07 10:23:02 INFO  ChordProtocols:157 - Fixing the FingerTable for the Node: process5
2026-04-07 10:23:02 INFO  ChordProtocols:178 - FingerTable fixed for process5 | entries=128
2026-04-07 10:23:02 INFO  StabilizationProtocols:60 - Checking the predecessor for Node: process5
==================================
Node Identifier = 121411138451101288395601026024677976156
Node IP address = process5
successor(process5) = process2
predecessor(process5) = process3
Current File keys for process5 => []
==================================
2026-04-07 10:23:03 INFO  StabilizationProtocols:130 - Updating the successor for Node: process1
2026-04-07 10:23:03 INFO  StabilizationProtocols:84 - Stabilizing ring from process1...
2026-04-07 10:23:03 INFO  StabilizationProtocols:91 - Stabilize ring: succnode = process3
2026-04-07 10:23:03 INFO  StabilizationProtocols:113 - Finished stabilizing chordring from process1
2026-04-07 10:23:03 INFO  ChordProtocols:157 - Fixing the FingerTable for the Node: process1
2026-04-07 10:23:03 INFO  ChordProtocols:178 - FingerTable fixed for process1 | entries=128
2026-04-07 10:23:03 INFO  StabilizationProtocols:60 - Checking the predecessor for Node: process1
==================================
Node Identifier = 53937554629190552131995290006614509577
Node IP address = process1
successor(process1) = process3
predecessor(process1) = process2
Current File keys for process1 => []
==================================
2026-04-07 10:23:03 INFO  StabilizationProtocols:130 - Updating the successor for Node: process2
2026-04-07 10:23:03 INFO  StabilizationProtocols:84 - Stabilizing ring from process2...
2026-04-07 10:23:03 INFO  StabilizationProtocols:91 - Stabilize ring: succnode = process1
2026-04-07 10:23:03 INFO  StabilizationProtocols:113 - Finished stabilizing chordring from process2
2026-04-07 10:23:03 INFO  ChordProtocols:157 - Fixing the FingerTable for the Node: process2
2026-04-07 10:23:03 INFO  ChordProtocols:178 - FingerTable fixed for process2 | entries=128
2026-04-07 10:23:03 INFO  StabilizationProtocols:60 - Checking the predecessor for Node: process2
==================================
Node Identifier = 15618062003214643351512781541041391612
Node IP address = process2
successor(process2) = process1
predecessor(process2) = process5
Current File keys for process2 => []
==================================
2026-04-07 10:23:04 INFO  StabilizationProtocols:130 - Updating the successor for Node: process3
2026-04-07 10:23:04 INFO  StabilizationProtocols:84 - Stabilizing ring from process3...
2026-04-07 10:23:04 INFO  StabilizationProtocols:91 - Stabilize ring: succnode = process5
2026-04-07 10:23:04 INFO  StabilizationProtocols:113 - Finished stabilizing chordring from process3
2026-04-07 10:23:04 INFO  ChordProtocols:157 - Fixing the FingerTable for the Node: process3
2026-04-07 10:23:04 INFO  ChordProtocols:178 - FingerTable fixed for process3 | entries=128
2026-04-07 10:23:04 INFO  StabilizationProtocols:60 - Checking the predecessor for Node: process3
==================================
Node Identifier = 66910184482037901621933403444034052414
Node IP address = process3
successor(process3) = process5
predecessor(process3) = process1
Current File keys for process3 => []
==================================
2026-04-07 10:23:04 INFO  StabilizationProtocols:130 - Updating the successor for Node: process4
2026-04-07 10:23:04 INFO  StabilizationProtocols:165 - Finished updating the successor for Node: process4
2026-04-07 10:23:04 INFO  StabilizationProtocols:84 - Stabilizing ring from process4...
2026-04-07 10:23:04 INFO  StabilizationProtocols:91 - Stabilize ring: succnode = process1
2026-04-07 10:23:04 INFO  ChordLookup:110 - copy file keys that are <= process4 from successor process1 to process4
2026-04-07 10:23:04 INFO  ChordLookup:127 - Finished copying file keys from successor process1 to process4
2026-04-07 10:23:04 INFO  StabilizationProtocols:113 - Finished stabilizing chordring from process4
2026-04-07 10:23:04 INFO  ChordProtocols:157 - Fixing the FingerTable for the Node: process4
2026-04-07 10:23:04 INFO  ChordProtocols:178 - FingerTable fixed for process4 | entries=128
2026-04-07 10:23:04 INFO  StabilizationProtocols:60 - Checking the predecessor for Node: process4
==================================
Node Identifier = 210821560651360572675896360671414673172
Node IP address = process4
successor(process4) = process2
predecessor(process4) = process4
Current File keys for process4 => []
==================================
2026-04-07 10:23:04 INFO  StabilizationProtocols:130 - Updating the successor for Node: process5
2026-04-07 10:23:04 INFO  StabilizationProtocols:165 - Finished updating the successor for Node: process5
2026-04-07 10:23:04 INFO  StabilizationProtocols:84 - Stabilizing ring from process5...
2026-04-07 10:23:04 INFO  StabilizationProtocols:91 - Stabilize ring: succnode = process4
2026-04-07 10:23:04 INFO  StabilizationProtocols:113 - Finished stabilizing chordring from process5
2026-04-07 10:23:04 INFO  ChordProtocols:157 - Fixing the FingerTable for the Node: process5
2026-04-07 10:23:04 INFO  ChordProtocols:178 - FingerTable fixed for process5 | entries=128
2026-04-07 10:23:04 INFO  StabilizationProtocols:60 - Checking the predecessor for Node: process5
==================================
Node Identifier = 121411138451101288395601026024677976156
Node IP address = process5
successor(process5) = process4
predecessor(process5) = process3
Current File keys for process5 => []
==================================
2026-04-07 10:23:05 INFO  StabilizationProtocols:130 - Updating the successor for Node: process1
2026-04-07 10:23:05 INFO  StabilizationProtocols:84 - Stabilizing ring from process1...
2026-04-07 10:23:05 INFO  StabilizationProtocols:91 - Stabilize ring: succnode = process3
2026-04-07 10:23:05 INFO  StabilizationProtocols:113 - Finished stabilizing chordring from process1
2026-04-07 10:23:05 INFO  ChordProtocols:157 - Fixing the FingerTable for the Node: process1
2026-04-07 10:23:05 INFO  ChordProtocols:178 - FingerTable fixed for process1 | entries=128
2026-04-07 10:23:05 INFO  StabilizationProtocols:60 - Checking the predecessor for Node: process1
==================================
Node Identifier = 53937554629190552131995290006614509577
Node IP address = process1
successor(process1) = process3
predecessor(process1) = process2
Current File keys for process1 => []
==================================
2026-04-07 10:23:05 INFO  StabilizationProtocols:130 - Updating the successor for Node: process2
2026-04-07 10:23:05 INFO  StabilizationProtocols:84 - Stabilizing ring from process2...
2026-04-07 10:23:05 INFO  StabilizationProtocols:91 - Stabilize ring: succnode = process1
2026-04-07 10:23:05 INFO  StabilizationProtocols:113 - Finished stabilizing chordring from process2
2026-04-07 10:23:05 INFO  ChordProtocols:157 - Fixing the FingerTable for the Node: process2
2026-04-07 10:23:05 INFO  ChordProtocols:178 - FingerTable fixed for process2 | entries=128
2026-04-07 10:23:05 INFO  StabilizationProtocols:60 - Checking the predecessor for Node: process2
==================================
Node Identifier = 15618062003214643351512781541041391612
Node IP address = process2
successor(process2) = process1
predecessor(process2) = process4
Current File keys for process2 => []
==================================
2026-04-07 10:23:06 INFO  StabilizationProtocols:130 - Updating the successor for Node: process3
2026-04-07 10:23:06 INFO  StabilizationProtocols:84 - Stabilizing ring from process3...
2026-04-07 10:23:06 INFO  StabilizationProtocols:91 - Stabilize ring: succnode = process5
2026-04-07 10:23:06 INFO  StabilizationProtocols:113 - Finished stabilizing chordring from process3
2026-04-07 10:23:06 INFO  ChordProtocols:157 - Fixing the FingerTable for the Node: process3
2026-04-07 10:23:06 INFO  ChordProtocols:178 - FingerTable fixed for process3 | entries=128
2026-04-07 10:23:06 INFO  StabilizationProtocols:60 - Checking the predecessor for Node: process3
==================================
Node Identifier = 66910184482037901621933403444034052414
Node IP address = process3
successor(process3) = process5
predecessor(process3) = process1
Current File keys for process3 => []
==================================
2026-04-07 10:23:06 INFO  StabilizationProtocols:130 - Updating the successor for Node: process4
2026-04-07 10:23:06 INFO  StabilizationProtocols:84 - Stabilizing ring from process4...
2026-04-07 10:23:06 INFO  StabilizationProtocols:91 - Stabilize ring: succnode = process2
2026-04-07 10:23:06 INFO  StabilizationProtocols:113 - Finished stabilizing chordring from process4
2026-04-07 10:23:06 INFO  ChordProtocols:157 - Fixing the FingerTable for the Node: process4
2026-04-07 10:23:06 INFO  ChordProtocols:178 - FingerTable fixed for process4 | entries=128
2026-04-07 10:23:06 INFO  StabilizationProtocols:60 - Checking the predecessor for Node: process4
==================================
Node Identifier = 210821560651360572675896360671414673172
Node IP address = process4
successor(process4) = process2
predecessor(process4) = process4
Current File keys for process4 => []
==================================
2026-04-07 10:23:06 INFO  StabilizationProtocols:130 - Updating the successor for Node: process5
2026-04-07 10:23:06 INFO  StabilizationProtocols:165 - Finished updating the successor for Node: process5
2026-04-07 10:23:06 INFO  StabilizationProtocols:84 - Stabilizing ring from process5...
2026-04-07 10:23:06 INFO  StabilizationProtocols:91 - Stabilize ring: succnode = process4
2026-04-07 10:23:06 INFO  StabilizationProtocols:113 - Finished stabilizing chordring from process5
2026-04-07 10:23:06 INFO  ChordProtocols:157 - Fixing the FingerTable for the Node: process5
2026-04-07 10:23:06 INFO  ChordProtocols:178 - FingerTable fixed for process5 | entries=128
2026-04-07 10:23:06 INFO  StabilizationProtocols:60 - Checking the predecessor for Node: process5
==================================
Node Identifier = 121411138451101288395601026024677976156
Node IP address = process5
successor(process5) = process4
predecessor(process5) = process3
Current File keys for process5 => []
==================================
2026-04-07 10:23:07 INFO  StabilizationProtocols:130 - Updating the successor for Node: process1
2026-04-07 10:23:07 INFO  StabilizationProtocols:84 - Stabilizing ring from process1...
2026-04-07 10:23:07 INFO  StabilizationProtocols:91 - Stabilize ring: succnode = process3
2026-04-07 10:23:07 INFO  StabilizationProtocols:113 - Finished stabilizing chordring from process1
2026-04-07 10:23:07 INFO  ChordProtocols:157 - Fixing the FingerTable for the Node: process1
2026-04-07 10:23:07 INFO  ChordProtocols:178 - FingerTable fixed for process1 | entries=128
2026-04-07 10:23:07 INFO  StabilizationProtocols:60 - Checking the predecessor for Node: process1
==================================
Node Identifier = 53937554629190552131995290006614509577
Node IP address = process1
successor(process1) = process3
predecessor(process1) = process2
Current File keys for process1 => []
==================================
2026-04-07 10:23:07 INFO  StabilizationProtocols:130 - Updating the successor for Node: process2
2026-04-07 10:23:07 INFO  StabilizationProtocols:84 - Stabilizing ring from process2...
2026-04-07 10:23:07 INFO  StabilizationProtocols:91 - Stabilize ring: succnode = process1
2026-04-07 10:23:07 INFO  StabilizationProtocols:113 - Finished stabilizing chordring from process2
2026-04-07 10:23:07 INFO  ChordProtocols:157 - Fixing the FingerTable for the Node: process2
2026-04-07 10:23:07 INFO  ChordProtocols:178 - FingerTable fixed for process2 | entries=128
2026-04-07 10:23:07 INFO  StabilizationProtocols:60 - Checking the predecessor for Node: process2
==================================
Node Identifier = 15618062003214643351512781541041391612
Node IP address = process2
successor(process2) = process1
predecessor(process2) = process4
Current File keys for process2 => []
==================================
2026-04-07 10:23:08 INFO  StabilizationProtocols:130 - Updating the successor for Node: process3
2026-04-07 10:23:08 INFO  StabilizationProtocols:84 - Stabilizing ring from process3...
2026-04-07 10:23:08 INFO  StabilizationProtocols:91 - Stabilize ring: succnode = process5
2026-04-07 10:23:08 INFO  StabilizationProtocols:113 - Finished stabilizing chordring from process3
2026-04-07 10:23:08 INFO  ChordProtocols:157 - Fixing the FingerTable for the Node: process3
2026-04-07 10:23:08 INFO  ChordProtocols:178 - FingerTable fixed for process3 | entries=128
2026-04-07 10:23:08 INFO  StabilizationProtocols:60 - Checking the predecessor for Node: process3
==================================
Node Identifier = 66910184482037901621933403444034052414
Node IP address = process3
successor(process3) = process5
predecessor(process3) = process1
Current File keys for process3 => []
==================================
2026-04-07 10:23:08 INFO  StabilizationProtocols:130 - Updating the successor for Node: process4
2026-04-07 10:23:08 INFO  StabilizationProtocols:84 - Stabilizing ring from process4...
2026-04-07 10:23:08 INFO  StabilizationProtocols:91 - Stabilize ring: succnode = process2
2026-04-07 10:23:08 INFO  StabilizationProtocols:113 - Finished stabilizing chordring from process4
2026-04-07 10:23:08 INFO  ChordProtocols:157 - Fixing the FingerTable for the Node: process4
2026-04-07 10:23:08 INFO  ChordProtocols:178 - FingerTable fixed for process4 | entries=128
2026-04-07 10:23:08 INFO  StabilizationProtocols:60 - Checking the predecessor for Node: process4
==================================
Node Identifier = 210821560651360572675896360671414673172
Node IP address = process4
successor(process4) = process2
predecessor(process4) = process5
Current File keys for process4 => []
==================================
2026-04-07 10:23:08 INFO  StabilizationProtocols:130 - Updating the successor for Node: process5
2026-04-07 10:23:08 INFO  StabilizationProtocols:84 - Stabilizing ring from process5...
2026-04-07 10:23:08 INFO  StabilizationProtocols:91 - Stabilize ring: succnode = process4
2026-04-07 10:23:08 INFO  StabilizationProtocols:113 - Finished stabilizing chordring from process5
2026-04-07 10:23:08 INFO  ChordProtocols:157 - Fixing the FingerTable for the Node: process5
2026-04-07 10:23:08 INFO  ChordProtocols:178 - FingerTable fixed for process5 | entries=128
2026-04-07 10:23:08 INFO  StabilizationProtocols:60 - Checking the predecessor for Node: process5
==================================
Node Identifier = 121411138451101288395601026024677976156
Node IP address = process5
successor(process5) = process4
predecessor(process5) = process3
Current File keys for process5 => []
==================================
2026-04-07 10:23:09 INFO  FileManager:174 - filename=file1 size=0.121
2026-04-07 10:23:09 INFO  FileManager:174 - filename=file2 size=0.113
2026-04-07 10:23:09 INFO  FileManager:174 - filename=file3 size=0.113
2026-04-07 10:23:09 INFO  FileManager:174 - filename=file4 size=0.114
2026-04-07 10:23:09 INFO  FileManager:174 - filename=file5 size=0.114
2026-04-07 10:23:09 INFO  StabilizationProtocols:130 - Updating the successor for Node: process1
2026-04-07 10:23:09 INFO  StabilizationProtocols:84 - Stabilizing ring from process1...
2026-04-07 10:23:09 INFO  StabilizationProtocols:91 - Stabilize ring: succnode = process3
2026-04-07 10:23:09 INFO  StabilizationProtocols:113 - Finished stabilizing chordring from process1
2026-04-07 10:23:09 INFO  ChordProtocols:157 - Fixing the FingerTable for the Node: process1
2026-04-07 10:23:09 INFO  ChordProtocols:178 - FingerTable fixed for process1 | entries=128
2026-04-07 10:23:09 INFO  StabilizationProtocols:60 - Checking the predecessor for Node: process1
==================================
Node Identifier = 53937554629190552131995290006614509577
Node IP address = process1
successor(process1) = process3
predecessor(process1) = process2
Current File keys for process1 => []
==================================
2026-04-07 10:23:09 INFO  StabilizationProtocols:130 - Updating the successor for Node: process2
2026-04-07 10:23:09 INFO  StabilizationProtocols:84 - Stabilizing ring from process2...
2026-04-07 10:23:09 INFO  StabilizationProtocols:91 - Stabilize ring: succnode = process1
2026-04-07 10:23:09 INFO  StabilizationProtocols:113 - Finished stabilizing chordring from process2
2026-04-07 10:23:09 INFO  ChordProtocols:157 - Fixing the FingerTable for the Node: process2
2026-04-07 10:23:09 INFO  ChordProtocols:178 - FingerTable fixed for process2 | entries=128
2026-04-07 10:23:09 INFO  StabilizationProtocols:60 - Checking the predecessor for Node: process2
==================================
Node Identifier = 15618062003214643351512781541041391612
Node IP address = process2
successor(process2) = process1
predecessor(process2) = process4
Current File keys for process2 => []
==================================
2026-04-07 10:23:10 INFO  StabilizationProtocols:130 - Updating the successor for Node: process3
2026-04-07 10:23:10 INFO  StabilizationProtocols:84 - Stabilizing ring from process3...
2026-04-07 10:23:10 INFO  StabilizationProtocols:91 - Stabilize ring: succnode = process5
2026-04-07 10:23:10 INFO  StabilizationProtocols:113 - Finished stabilizing chordring from process3
2026-04-07 10:23:10 INFO  ChordProtocols:157 - Fixing the FingerTable for the Node: process3
2026-04-07 10:23:10 INFO  ChordProtocols:178 - FingerTable fixed for process3 | entries=128
2026-04-07 10:23:10 INFO  StabilizationProtocols:60 - Checking the predecessor for Node: process3
==================================
Node Identifier = 66910184482037901621933403444034052414
Node IP address = process3
successor(process3) = process5
predecessor(process3) = process1
Current File keys for process3 => []
==================================
2026-04-07 10:23:10 INFO  StabilizationProtocols:130 - Updating the successor for Node: process4
2026-04-07 10:23:10 INFO  StabilizationProtocols:84 - Stabilizing ring from process4...
2026-04-07 10:23:10 INFO  StabilizationProtocols:91 - Stabilize ring: succnode = process2
2026-04-07 10:23:10 INFO  StabilizationProtocols:113 - Finished stabilizing chordring from process4
2026-04-07 10:23:10 INFO  ChordProtocols:157 - Fixing the FingerTable for the Node: process4
2026-04-07 10:23:10 INFO  ChordProtocols:178 - FingerTable fixed for process4 | entries=128
2026-04-07 10:23:10 INFO  StabilizationProtocols:60 - Checking the predecessor for Node: process4
==================================
Node Identifier = 210821560651360572675896360671414673172
Node IP address = process4
successor(process4) = process2
predecessor(process4) = process5
Current File keys for process4 => []
==================================
2026-04-07 10:23:10 INFO  StabilizationProtocols:130 - Updating the successor for Node: process5
2026-04-07 10:23:10 INFO  StabilizationProtocols:84 - Stabilizing ring from process5...
2026-04-07 10:23:10 INFO  StabilizationProtocols:91 - Stabilize ring: succnode = process4
2026-04-07 10:23:10 INFO  StabilizationProtocols:113 - Finished stabilizing chordring from process5
2026-04-07 10:23:10 INFO  ChordProtocols:157 - Fixing the FingerTable for the Node: process5
2026-04-07 10:23:10 INFO  ChordProtocols:178 - FingerTable fixed for process5 | entries=128
2026-04-07 10:23:10 INFO  StabilizationProtocols:60 - Checking the predecessor for Node: process5
==================================
Node Identifier = 121411138451101288395601026024677976156
Node IP address = process5
successor(process5) = process4
predecessor(process5) = process3
Current File keys for process5 => []
==================================
2026-04-07 10:23:11 INFO  StabilizationProtocols:130 - Updating the successor for Node: process1
2026-04-07 10:23:11 INFO  StabilizationProtocols:84 - Stabilizing ring from process1...
2026-04-07 10:23:11 INFO  StabilizationProtocols:91 - Stabilize ring: succnode = process3
2026-04-07 10:23:11 INFO  StabilizationProtocols:113 - Finished stabilizing chordring from process1
2026-04-07 10:23:11 INFO  ChordProtocols:157 - Fixing the FingerTable for the Node: process1
2026-04-07 10:23:11 INFO  ChordProtocols:178 - FingerTable fixed for process1 | entries=128
2026-04-07 10:23:11 INFO  StabilizationProtocols:60 - Checking the predecessor for Node: process1
==================================
Node Identifier = 53937554629190552131995290006614509577
Node IP address = process1
successor(process1) = process3
predecessor(process1) = process2
Current File keys for process1 => []
==================================
2026-04-07 10:23:11 INFO  StabilizationProtocols:130 - Updating the successor for Node: process2
2026-04-07 10:23:11 INFO  StabilizationProtocols:84 - Stabilizing ring from process2...
2026-04-07 10:23:11 INFO  StabilizationProtocols:91 - Stabilize ring: succnode = process1
2026-04-07 10:23:11 INFO  StabilizationProtocols:113 - Finished stabilizing chordring from process2
2026-04-07 10:23:11 INFO  ChordProtocols:157 - Fixing the FingerTable for the Node: process2
2026-04-07 10:23:11 INFO  ChordProtocols:178 - FingerTable fixed for process2 | entries=128
2026-04-07 10:23:11 INFO  StabilizationProtocols:60 - Checking the predecessor for Node: process2
==================================
Node Identifier = 15618062003214643351512781541041391612
Node IP address = process2
successor(process2) = process1
predecessor(process2) = process4
Current File keys for process2 => []
==================================
2026-04-07 10:23:12 INFO  StabilizationProtocols:130 - Updating the successor for Node: process3
2026-04-07 10:23:12 INFO  StabilizationProtocols:84 - Stabilizing ring from process3...
2026-04-07 10:23:12 INFO  StabilizationProtocols:91 - Stabilize ring: succnode = process5
2026-04-07 10:23:12 INFO  StabilizationProtocols:113 - Finished stabilizing chordring from process3
2026-04-07 10:23:12 INFO  ChordProtocols:157 - Fixing the FingerTable for the Node: process3
2026-04-07 10:23:12 INFO  ChordProtocols:178 - FingerTable fixed for process3 | entries=128
2026-04-07 10:23:12 INFO  StabilizationProtocols:60 - Checking the predecessor for Node: process3
==================================
Node Identifier = 66910184482037901621933403444034052414
Node IP address = process3
successor(process3) = process5
predecessor(process3) = process1
Current File keys for process3 => []
==================================
2026-04-07 10:23:12 INFO  StabilizationProtocols:130 - Updating the successor for Node: process4
2026-04-07 10:23:12 INFO  StabilizationProtocols:84 - Stabilizing ring from process4...
2026-04-07 10:23:12 INFO  StabilizationProtocols:91 - Stabilize ring: succnode = process2
2026-04-07 10:23:12 INFO  StabilizationProtocols:113 - Finished stabilizing chordring from process4
2026-04-07 10:23:12 INFO  ChordProtocols:157 - Fixing the FingerTable for the Node: process4
2026-04-07 10:23:12 INFO  ChordProtocols:178 - FingerTable fixed for process4 | entries=128
2026-04-07 10:23:12 INFO  StabilizationProtocols:60 - Checking the predecessor for Node: process4
==================================
Node Identifier = 210821560651360572675896360671414673172
Node IP address = process4
successor(process4) = process2
predecessor(process4) = process5
Current File keys for process4 => []
==================================
2026-04-07 10:23:12 INFO  StabilizationProtocols:130 - Updating the successor for Node: process5
2026-04-07 10:23:12 INFO  StabilizationProtocols:84 - Stabilizing ring from process5...
2026-04-07 10:23:12 INFO  StabilizationProtocols:91 - Stabilize ring: succnode = process4
2026-04-07 10:23:12 INFO  StabilizationProtocols:113 - Finished stabilizing chordring from process5
2026-04-07 10:23:12 INFO  ChordProtocols:157 - Fixing the FingerTable for the Node: process5
2026-04-07 10:23:12 INFO  ChordProtocols:178 - FingerTable fixed for process5 | entries=128
2026-04-07 10:23:12 INFO  StabilizationProtocols:60 - Checking the predecessor for Node: process5
==================================
Node Identifier = 121411138451101288395601026024677976156
Node IP address = process5
successor(process5) = process4
predecessor(process5) = process3
Current File keys for process5 => []
==================================
2026-04-07 10:23:13 INFO  StabilizationProtocols:130 - Updating the successor for Node: process1
2026-04-07 10:23:13 INFO  StabilizationProtocols:84 - Stabilizing ring from process1...
2026-04-07 10:23:13 INFO  StabilizationProtocols:91 - Stabilize ring: succnode = process3
2026-04-07 10:23:13 INFO  StabilizationProtocols:113 - Finished stabilizing chordring from process1
2026-04-07 10:23:13 INFO  ChordProtocols:157 - Fixing the FingerTable for the Node: process1
2026-04-07 10:23:13 INFO  ChordProtocols:178 - FingerTable fixed for process1 | entries=128
2026-04-07 10:23:13 INFO  StabilizationProtocols:60 - Checking the predecessor for Node: process1
==================================
Node Identifier = 53937554629190552131995290006614509577
Node IP address = process1
successor(process1) = process3
predecessor(process1) = process2
Current File keys for process1 => []
==================================
2026-04-07 10:23:13 INFO  StabilizationProtocols:130 - Updating the successor for Node: process2
2026-04-07 10:23:13 INFO  StabilizationProtocols:84 - Stabilizing ring from process2...
2026-04-07 10:23:13 INFO  StabilizationProtocols:91 - Stabilize ring: succnode = process1
2026-04-07 10:23:13 INFO  StabilizationProtocols:113 - Finished stabilizing chordring from process2
2026-04-07 10:23:13 INFO  ChordProtocols:157 - Fixing the FingerTable for the Node: process2
2026-04-07 10:23:13 INFO  ChordProtocols:178 - FingerTable fixed for process2 | entries=128
2026-04-07 10:23:13 INFO  StabilizationProtocols:60 - Checking the predecessor for Node: process2
==================================
Node Identifier = 15618062003214643351512781541041391612
Node IP address = process2
successor(process2) = process1
predecessor(process2) = process4
Current File keys for process2 => []
==================================
2026-04-07 10:23:14 INFO  StabilizationProtocols:130 - Updating the successor for Node: process3
2026-04-07 10:23:14 INFO  StabilizationProtocols:84 - Stabilizing ring from process3...
2026-04-07 10:23:14 INFO  StabilizationProtocols:91 - Stabilize ring: succnode = process5
2026-04-07 10:23:14 INFO  StabilizationProtocols:113 - Finished stabilizing chordring from process3
2026-04-07 10:23:14 INFO  ChordProtocols:157 - Fixing the FingerTable for the Node: process3
2026-04-07 10:23:14 INFO  ChordProtocols:178 - FingerTable fixed for process3 | entries=128
2026-04-07 10:23:14 INFO  StabilizationProtocols:60 - Checking the predecessor for Node: process3
==================================
Node Identifier = 66910184482037901621933403444034052414
Node IP address = process3
successor(process3) = process5
predecessor(process3) = process1
Current File keys for process3 => []
==================================
2026-04-07 10:23:14 INFO  StabilizationProtocols:130 - Updating the successor for Node: process4
2026-04-07 10:23:14 INFO  StabilizationProtocols:84 - Stabilizing ring from process4...
2026-04-07 10:23:14 INFO  StabilizationProtocols:91 - Stabilize ring: succnode = process2
2026-04-07 10:23:14 INFO  StabilizationProtocols:113 - Finished stabilizing chordring from process4
2026-04-07 10:23:14 INFO  ChordProtocols:157 - Fixing the FingerTable for the Node: process4
2026-04-07 10:23:14 INFO  ChordProtocols:178 - FingerTable fixed for process4 | entries=128
2026-04-07 10:23:14 INFO  StabilizationProtocols:60 - Checking the predecessor for Node: process4
==================================
Node Identifier = 210821560651360572675896360671414673172
Node IP address = process4
successor(process4) = process2
predecessor(process4) = process5
Current File keys for process4 => []
==================================
2026-04-07 10:23:14 INFO  StabilizationProtocols:130 - Updating the successor for Node: process5
2026-04-07 10:23:14 INFO  StabilizationProtocols:84 - Stabilizing ring from process5...
2026-04-07 10:23:14 INFO  StabilizationProtocols:91 - Stabilize ring: succnode = process4
2026-04-07 10:23:14 INFO  StabilizationProtocols:113 - Finished stabilizing chordring from process5
2026-04-07 10:23:14 INFO  ChordProtocols:157 - Fixing the FingerTable for the Node: process5
2026-04-07 10:23:14 INFO  ChordProtocols:178 - FingerTable fixed for process5 | entries=128
2026-04-07 10:23:14 INFO  StabilizationProtocols:60 - Checking the predecessor for Node: process5
==================================
Node Identifier = 121411138451101288395601026024677976156
Node IP address = process5
successor(process5) = process4
predecessor(process5) = process3
Current File keys for process5 => []
==================================
]]></system-out>
  </testcase>
</testsuite>