<?xml version="1.0" encoding="UTF-8"?>
<testsuite xmlns:xsi="http://www.w3.org/2001/XMLSchema-instance" xsi:noNamespaceSchemaLocation="https://maven.apache.org/surefire/maven-surefire-plugin/xsd/surefire-test-report-3.0.xsd" version="3.0" name="no.hvl.dat110.unit.tests.TestMutex" time="0.019" tests="1" errors="0" skipped="0" failures="0">
  <properties>
[...]
</properties>
  <testcase name="test" classname="no.hvl.dat110.unit.tests.TestMutex" time="0.018">
    <system-out><![CDATA[2026-04-07 12:48:40 INFO  MutualExclusion:208 - Releasing locks from = 4
2026-04-07 12:48:40 INFO  MutualExclusion:55 - process1 wants to access CS
2026-04-07 12:48:40 INFO  MutualExclusion:55 - process2 wants to access CS
2026-04-07 12:48:40 INFO  MutualExclusion:55 - process5 wants to access CS
2026-04-07 12:48:40 INFO  MutualExclusion:55 - process4 wants to access CS
2026-04-07 12:48:40 INFO  MutualExclusion:92 - Number of peers to vote = 4
2026-04-07 12:48:40 INFO  MutualExclusion:92 - Number of peers to vote = 4
2026-04-07 12:48:40 INFO  MutualExclusion:92 - Number of peers to vote = 4
2026-04-07 12:48:40 INFO  MutualExclusion:92 - Number of peers to vote = 4
2026-04-07 12:48:40 INFO  MutualExclusion:219 - process4: size of queueack = 1
2026-04-07 12:48:40 INFO  MutualExclusion:219 - process1: size of queueack = 3
2026-04-07 12:48:40 INFO  MutualExclusion:219 - process5: size of queueack = 2
2026-04-07 12:48:40 INFO  MutualExclusion:219 - process2: size of queueack = 4
2026-04-07 12:48:40 INFO  UpdateOperations:90 - Trying to update file replicas for peer: 210821560651360572675896360671414673172
2026-04-07 12:48:40 INFO  UpdateOperations:69 - Update file is being performed by this peer: process4 | 140065589670395970233963560630295105848
2026-04-07 12:48:40 INFO  UpdateOperations:102 - Finished updating file for peer: 210821560651360572675896360671414673172
2026-04-07 12:48:40 INFO  UpdateOperations:90 - Trying to update file replicas for peer: 15618062003214643351512781541041391612
2026-04-07 12:48:40 INFO  UpdateOperations:69 - Update file is being performed by this peer: process2 | 13988058880685873568223126745537177142
2026-04-07 12:48:40 INFO  UpdateOperations:102 - Finished updating file for peer: 15618062003214643351512781541041391612
2026-04-07 12:48:40 INFO  UpdateOperations:90 - Trying to update file replicas for peer: 53937554629190552131995290006614509577
2026-04-07 12:48:40 INFO  UpdateOperations:69 - Update file is being performed by this peer: process1 | 22851974182570490653634187770374799407
2026-04-07 12:48:40 INFO  UpdateOperations:102 - Finished updating file for peer: 53937554629190552131995290006614509577
2026-04-07 12:48:40 INFO  UpdateOperations:90 - Trying to update file replicas for peer: 121411138451101288395601026024677976156
2026-04-07 12:48:40 INFO  UpdateOperations:69 - Update file is being performed by this peer: process5 | 73806995735690189889297542544385123161
2026-04-07 12:48:40 INFO  UpdateOperations:102 - Finished updating file for peer: 121411138451101288395601026024677976156
fu1: false
fu2: true
fu4: false
fu5: false
[false, false, false, true]|[false, false, false, true]
]]></system-out>
  </testcase>
</testsuite>